< 0x00000: ff fd 01 ff  fd 1f ff fb  01 ff fb 03               ÿı.ÿı.ÿû.ÿû.

> 0x00000: ff fc 01 ff  fc 1f ff fd  01 ff fd 03               ÿü.ÿü.ÿı.ÿı.

< 0x00000: 0d 0d 0a 73  65 72 76 65  72 20 6c 6f  67 69 6e 3a  ...server login:
< 0x00010: 20                                                   

> 0x00000: 61 64 6d 69  6e 0d 0a                               admin..

< 0x00000: 61 64 6d 69  6e 0d 0a 50  61 73 73 77  6f 72 64 3a  admin..Password:
< 0x00010: 20                                                   

> 0x00000: 61 64 6d 69  6e 0d 0a                               admin..

< 0x00000: 0d 0a 0d 0a  0d 0a 42 75  73 79 42 6f  78 20 76 31  ......BusyBox v1
< 0x00010: 2e 31 37 2e  32 20 28 32  30 31 35 2d  30 35 2d 31  .17.2 (2015-05-1
< 0x00020: 35 20 31 31  3a 32 33 3a  31 33 20 43  53 54 29 20  5 11:23:13 CST) 
< 0x00030: 62 75 69 6c  74 2d 69 6e  20 73 68 65  6c 6c 20 28  built-in shell (
< 0x00040: 61 73 68 29  0d 0a 45 6e  74 65 72 20  27 68 65 6c  ash)..Enter 'hel
< 0x00050: 70 27 20 66  6f 72 20 61  20 6c 69 73  74 20 6f 66  p' for a list of
< 0x00060: 20 62 75 69  6c 74 2d 69  6e 20 63 6f  6d 6d 61 6e   built-in comman
< 0x00070: 64 73 2e 0d  0a 0d 0a 7e  20 24 20                  ds.....~ $ 

> 0x00000: 73 75 0d 0a                                         su..

< 0x00000: 73 75 0d 0a  50 61 73 73  77 6f 72 64  3a 20        su..Password: 

> 0x00000: 61 64 6d 69  6e 0d 0a                               admin..

< 0x00000: 0d 0a 0d 0a  0d 0a 42 75  73 79 42 6f  78 20 76 31  ......BusyBox v1
< 0x00010: 2e 31 37 2e  32 20 28 32  30 31 35 2d  30 35 2d 31  .17.2 (2015-05-1
< 0x00020: 35 20 31 31  3a 32 33 3a  31 33 20 43  53 54 29 20  5 11:23:13 CST) 
< 0x00030: 62 75 69 6c  74 2d 69 6e  20 73 68 65  6c 6c 20 28  built-in shell (
< 0x00040: 61 73 68 29  0d 0a 45 6e  74 65 72 20  27 68 65 6c  ash)..Enter 'hel
< 0x00050: 70 27 20 66  6f 72 20 61  20 6c 69 73  74 20 6f 66  p' for a list of
< 0x00060: 20 62 75 69  6c 74 2d 69  6e 20 63 6f  6d 6d 61 6e   built-in comman
< 0x00070: 64 73 2e 0d  0a 0d 0a 7e  20 23 20                  ds.....~ # 

> 0x00000: 64 64 20 69  66 3d 2f 64  65 76 2f 73  64 61 20 62  dd if=/dev/sda b
> 0x00010: 73 3d 35 31  32 20 73 6b  69 70 3d 30  20 63 6f 75  s=512 skip=0 cou
> 0x00020: 6e 74 3d 31  20 7c 20 68  65 78 64 75  6d 70 20 2d  nt=1 | hexdump -
> 0x00030: 76 20 2d 43  0d 0a                                  v -C..

< 0x00000: 64 64 20 69  66 3d 2f 64  65 76 2f 73  64 61 20 62  dd if=/dev/sda b
< 0x00010: 73 3d 35 31  32 20 73 6b  69 70 3d 30  20 63 6f 75  s=512 skip=0 cou
< 0x00020: 6e 74 3d 31  20 7c 20 68  65 78 64 75  6d 70 20 2d  nt=1 | hexdump -
< 0x00030: 76 20 2d 43  0d 0a 31 2b  30 20 72 65  63 6f 72 64  v -C..1+0 record
< 0x00040: 73 20 69 6e  0d 0a 31 2b  30 20 72 65  63 6f 72 64  s in..1+0 record
< 0x00050: 73 20 6f 75  74 0d 0a 35  31 32 20 62  79 74 65 73  s out..512 bytes
< 0x00060: 20 28 35 31  32 42 29 20  63 6f 70 69  65 64 2c 20   (512B) copied. 
< 0x00070: 30 2e 30 30  30 31 30 39  20 73 65 63  6f 6e 64 73  0.000109 seconds
< 0x00080: 2c 20 34 2e  35 4d 42 2f  73 0d 0a 30  30 30 30 30  . 4.5MB/s..00000
< 0x00090: 30 30 30 20  20 65 62 20  36 33 20 39  30 20 31 30  000  eb 63 90 10
< 0x000a0: 20 38 65 20  64 30 20 62  63 20 30 30  20 20 62 30   8e d0 bc 00  b0
< 0x000b0: 20 62 38 20  30 30 20 30  30 20 38 65  20 64 38 20   b8 00 00 8e d8 
< 0x000c0: 38 65 20 63  30 20 20 7c  2e 63 2e 2e  2e 2e 2e 2e  8e c0  |.c......
< 0x000d0: 2e 2e 2e 2e  2e 2e 2e 2e  7c 0d 0a 30  30 30 30 30  ........|..00000
< 0x000e0: 30 31 30 20  20 66 62 20  62 65 20 30  30 20 37 63  010  fb be 00 7c
< 0x000f0: 20 62 66 20  30 30 20 30  36 20 62 39  20 20 30 30   bf 00 06 b9  00
< 0x00100: 20 30 32 20  66 33 20 61  34 20 65 61  20 32 31 20   02 f3 a4 ea 21 
< 0x00110: 30 36 20 30  30 20 20 7c  2e 2e 2e 7c  2e 2e 2e 2e  06 00  |...|....
< 0x00120: 2e 2e 2e 2e  2e 21 2e 2e  7c 0d 0a 30  30 30 30 30  .....!..|..00000
< 0x00130: 30 32 30 20  20 30 30 20  62 65 20 62  65 20 30 37  020  00 be be 07
< 0x00140: 20 33 38 20  30 34 20 37  35 20 30 62  20 20 38 33   38 04 75 0b  83
< 0x00150: 20 63 36 20  31 30 20 38  31 20 66 65  20 66 65 20   c6 10 81 fe fe 
< 0x00160: 30 37 20 37  35 20 20 7c  2e 2e 2e 2e  38 2e 75 2e  07 75  |....8.u.
< 0x00170: 2e 2e 2e 2e  2e 2e 2e 75  7c 0d 0a 30  30 30 30 30  .......u|..00000
< 0x00180: 30 33 30 20  20 66 33 20  65 62 20 31  36 20 62 34  030  f3 eb 16 b4
< 0x00190: 20 30 32 20  62 30 20 30  31 20 62 62  20 20 30 30   02 b0 01 bb  00
< 0x001a0: 20 37 63 20  62 32 20 38  30 20 38 61  20 37 34 20   7c b2 80 8a 74 
< 0x001b0: 30 31 20 38  62 20 20 7c  2e 2e 2e 2e  2e 2e 2e 2e  01 8b  |........
< 0x001c0: 2e 7c 2e 2e  2e 74 2e 2e  7c 0d 0a 30  30 30 30 30  .|...t..|..00000
< 0x001d0: 30 34 30 20  20 34 63 20  30 32 20 63  64 20 31 33  040  4c 02 cd 13
< 0x001e0: 20 65 61 20  30 30 20 37  63 20 30 30  20 20 30 30   ea 00 7c 00  00
< 0x001f0: 20 65 62 20  66 65 20 30  30 20 30 30  20 30 30 20   eb fe 00 00 00 
< 0x00200: 30 30 20 30  30 20 20 7c  4c 2e 2e 2e  2e 2e 7c 2e  00 00  |L.....|.
< 0x00210: 2e 2e 2e 2e  2e 2e 2e 2e  7c 0d 0a 30  30 30 30 30  ........|..00000
< 0x00220: 30 35 30 20  20 30 30 20  30 30 20 30  30 20 30 30  050  00 00 00 00
< 0x00230: 20 30 30 20  30 30 20 30  30 20 30 30  20 20 30 30   00 00 00 00  00
< 0x00240: 20 30 30 20  30 30 20 38  30 20 30 31  20 30 30 20   00 00 80 01 00 
< 0x00250: 30 30 20 30  30 20 20 7c  2e 2e 2e 2e  2e 2e 2e 2e  00 00  |........
< 0x00260: 2e 2e 2e 2e  2e 2e 2e 2e  7c 0d 0a 30  30 30 30 30  ........|..00000
< 0x00270: 30 36 30 20  20 30 30 20  30 30 20 30  30 20 30 30  060  00 00 00 00
< 0x00280: 20 66 66 20  66 61 20 39  30 20 39 30  20 20 66 36   ff fa 90 90  f6
< 0x00290: 20 63 32 20  38 30 20 37  34 20 30 35  20 66 36 20   c2 80 74 05 f6 
< 0x002a0: 63 32 20 37  30 20 20 7c  2e 2e 2e 2e  2e 2e 2e 2e  c2 70  |........
< 0x002b0: 2e 2e 2e 74  2e 2e 2e 70  7c 0d 0a 30  30 30 30 30  ...t...p|..00000
< 0x002c0: 30 37 30 20  20 37 34 20  30 32 20 62  32 20 38 30  070  74 02 b2 80
< 0x002d0: 20 65 61 20  37 39 20 37  63 20 30 30  20 20 30 30   ea 79 7c 00  00
< 0x002e0: 20 33 31 20  63 30 20 38  65 20 64 38  20 38 65 20   31 c0 8e d8 8e 
< 0x002f0: 64 30 20 62  63 20 20 7c  74 2e 2e 2e  2e 79 7c 2e  d0 bc  |t....y|.
< 0x00300: 2e 31 2e 2e  2e 2e 2e 2e  7c 0d 0a 30  30 30 30 30  .1......|..00000
< 0x00310: 30 38 30 20  20 30 30 20  32 30 20 66  62 20 61 30  080  00 20 fb a0
< 0x00320: 20 36 34 20  37 63 20 33  63 20 66 66  20 20 37 34   64 7c 3c ff  74
< 0x00330: 20 30 32 20  38 38 20 63  32 20 35 32  20 62 65 20   02 88 c2 52 be 
< 0x00340: 38 30 20 37  64 20 20 7c  2e 20 2e 2e  64 7c 3c 2e  80 7d  |. ..d|<.
< 0x00350: 74 2e 2e 2e  52 2e 2e 7d  7c 0d 0a 30  30 30 30 30  t...R..}|..00000
< 0x00360: 30 39 30 20  20 65 38 20  31 37 20 30  31 20 62 65  090  e8 17 01 be
< 0x00370: 20 30 35 20  37 63 20 62  34 20 34 31  20 20 62 62   05 7c b4 41  bb
< 0x00380: 20 61 61 20  35 35 20 63  64 20 31 33  20 35 61 20   aa 55 cd 13 5a 
< 0x00390: 35 32 20 37  32 20 20 7c  2e 2e 2e 2e  2e 7c 2e 41  52 72  |.....|.A
< 0x003a0: 2e 2e 55 2e  2e 5a 52 72  7c 0d 0a 30  30 30 30 30  ..U..ZRr|..00000
< 0x003b0: 30 61 30 20  20 33 64 20  38 31 20 66  62 20 35 35  0a0  3d 81 fb 55
< 0x003c0: 20 61 61 20  37 35 20 33  37 20 38 33  20 20 65 31   aa 75 37 83  e1
< 0x003d0: 20 30 31 20  37 34 20 33  32 20 33 31  20 63 30 20   01 74 32 31 c0 
< 0x003e0: 38 39 20 34  34 20 20 7c  3d 2e 2e 55  2e 75 37 2e  89 44  |=..U.u7.
< 0x003f0: 2e 2e 74 32  31 2e 2e 44  7c 0d 0a 30  30 30 30 30  ..t21..D|..00000
< 0x00400: 30 62 30 20  20 30 34 20  34 30 20 38  38 20 34 34  0b0  04 40 88 44
< 0x00410: 20 66 66 20  38 39 20 34  34 20 30 32  20 20 63 37   ff 89 44 02  c7
< 0x00420: 20 30 34 20  31 30 20 30  30 20 36 36  20 38 62 20   04 10 00 66 8b 
< 0x00430: 31 65 20 35  63 20 20 7c  2e 40 2e 44  2e 2e 44 2e  1e 5c  |.@.D..D.
< 0x00440: 2e 2e 2e 2e  66 2e 2e 5c  7c 0d 0a 30  30 30 30 30  ....f..\|..00000
< 0x00450: 30 63 30 20  20 37 63 20  36 36 20 38  39 20 35 63  0c0  7c 66 89 5c
< 0x00460: 20 30 38 20  36 36 20 38  62 20 31 65  20 20 36 30   08 66 8b 1e  60
< 0x00470: 20 37 63 20  36 36 20 38  39 20 35 63  20 30 63 20   7c 66 89 5c 0c 
< 0x00480: 63 37 20 34  34 20 20 7c  7c 66 2e 5c  2e 66 2e 2e  c7 44  ||f.\.f..
< 0x00490: 60 7c 66 2e  5c 2e 2e 44  7c 0d 0a 30  30 30 30 30  `|f.\..D|..00000
< 0x004a0: 30 64 30 20  20 30 36 20  30 30 20 37  30 20 62 34  0d0  06 00 70 b4
< 0x004b0: 20 34 32 20  63 64 20 31  33 20 37 32  20 20 30 35   42 cd 13 72  05
< 0x004c0: 20 62 62 20  30 30 20 37  30 20 65 62  20 37 36 20   bb 00 70 eb 76 
< 0x004d0: 62 34 20 30  38 20 20 7c  2e 2e 70 2e  42 2e 2e 72  b4 08  |..p.B..r
< 0x004e0: 2e 2e 2e 70  2e 76 2e 2e  7c 0d 0a 30  30 30 30 30  ...p.v..|..00000
< 0x004f0: 30 65 30 20  20 63 64 20  31 33 20 37  33 20 30 64  0e0  cd 13 73 0d
< 0x00500: 20 66 36 20  63 32 20 38  30 20 30 66  20 20 38 34   f6 c2 80 0f  84
< 0x00510: 20 64 38 20  30 30 20 62  65 20 38 62  20 37 64 20   d8 00 be 8b 7d 
< 0x00520: 65 39 20 38  32 20 20 7c  2e 2e 73 2e  2e 2e 2e 2e  e9 82  |..s.....
< 0x00530: 2e 2e 2e 2e  2e 7d 2e 2e  7c 0d 0a 30  30 30 30 30  .....}..|..00000
< 0x00540: 30 66 30 20  20 30 30 20  36 36 20 30  66 20 62 36  0f0  00 66 0f b6
< 0x00550: 20 63 36 20  38 38 20 36  34 20 66 66  20 20 34 30   c6 88 64 ff  40
< 0x00560: 20 36 36 20  38 39 20 34  34 20 30 34  20 30 66 20   66 89 44 04 0f 
< 0x00570: 62 36 20 64  31 20 20 7c  2e 66 2e 2e  2e 2e 64 2e  b6 d1  |.f....d.
< 0x00580: 40 66 2e 44  2e 2e 2e 2e  7c 0d 0a 30  30 30 30 30  @f.D....|..00000
< 0x00590: 31 30 30 20  20 63 31 20  65 32 20 30  32 20 38 38  100  c1 e2 02 88
< 0x005a0: 20 65 38 20  38 38 20 66  34 20 34 30  20 20 38 39   e8 88 f4 40  89
< 0x005b0: 20 34 34 20  30 38 20 30  66 20 62 36  20 63 32 20   44 08 0f b6 c2 
< 0x005c0: 63 30 20 65  38 20 20 7c  2e 2e 2e 2e  2e 2e 2e 40  c0 e8  |.......@
< 0x005d0: 2e 44 2e 2e  2e 2e 2e 2e  7c 0d 0a 30  30 30 30 30  .D......|..00000
< 0x005e0: 31 31 30 20  20 30 32 20  36 36 20 38  39 20 30 34  110  02 66 89 04
< 0x005f0: 20 36 36 20  61 31 20 36  30 20 37 63  20 20 36 36   66 a1 60 7c  66
< 0x00600: 20 30 39 20  63 30 20 37  35 20 34 65  20 36 36 20   09 c0 75 4e 66 
< 0x00610: 61 31 20 35  63 20 20 7c  2e 66 2e 2e  66 2e 60 7c  a1 5c  |.f..f.`|
< 0x00620: 66 2e 2e 75  4e 66 2e 5c  7c 0d 0a 30  30 30 30 30  f..uNf.\|..00000
< 0x00630: 31 32 30 20  20 37 63 20  36 36 20 33  31 20 64 32  120  7c 66 31 d2
< 0x00640: 20 36 36 20  66 37 20 33  34 20 38 38  20 20 64 31   66 f7 34 88  d1
< 0x00650: 20 33 31 20  64 32 20 36  36 20 66 37  20 37 34 20   31 d2 66 f7 74 
< 0x00660: 30 34 20 33  62 20 20 7c  7c 66 31 2e  66 2e 34 2e  04 3b  ||f1.f.4.
< 0x00670: 2e 31 2e 66  2e 74 2e 3b  7c 0d 0a 30  30 30 30 30  .1.f.t.;|..00000
< 0x00680: 31 33 30 20  20 34 34 20  30 38 20 37  64 20 33 37  130  44 08 7d 37
< 0x00690: 20 66 65 20  63 31 20 38  38 20 63 35  20 20 33 30   fe c1 88 c5  30
< 0x006a0: 20 63 30 20  63 31 20 65  38 20 30 32  20 30 38 20   c0 c1 e8 02 08 
< 0x006b0: 63 31 20 38  38 20 20 7c  44 2e 7d 37  2e 2e 2e 2e  c1 88  |D.}7....
< 0x006c0: 30 2e 2e 2e  2e 2e 2e 2e  7c 0d 0a 30  30 30 30 30  0.......|..00000
< 0x006d0: 31 34 30 20  20 64 30 20  35 61 20 38  38 20 63 36  140  d0 5a 88 c6
< 0x006e0: 20 62 62 20  30 30 20 37  30 20 38 65  20 20 63 33   bb 00 70 8e  c3
< 0x006f0: 20 33 31 20  64 62 20 62  38 20 30 31  20 30 32 20   31 db b8 01 02 
< 0x00700: 63 64 20 31  33 20 20 7c  2e 5a 2e 2e  2e 2e 70 2e  cd 13  |.Z....p.
< 0x00710: 2e 31 2e 2e  2e 2e 2e 2e  7c 0d 0a 30  30 30 30 30  .1......|..00000
< 0x00720: 31 35 30 20  20 37 32 20  31 65 20 38  63 20 63 33  150  72 1e 8c c3
< 0x00730: 20 36 30 20  31 65 20 62  39 20 30 30  20 20 30 31   60 1e b9 00  01
< 0x00740: 20 38 65 20  64 62 20 33  31 20 66 36  20 62 66 20   8e db 31 f6 bf 
< 0x00750: 30 30 20 38  30 20 20 7c  72 2e 2e 2e  60 2e 2e 2e  00 80  |r...`...
< 0x00760: 2e 2e 2e 31  2e 2e 2e 2e  7c 0d 0a 30  30 30 30 30  ...1....|..00000
< 0x00770: 31 36 30 20  20 38 65 20  63 36 20 66  63 20 66 33  160  8e c6 fc f3
< 0x00780: 20 61 35 20  31 66 20 36  31 20 66 66  20 20 32 36   a5 1f 61 ff  26
< 0x00790: 20 35 61 20  37 63 20 62  65 20 38 36  20 37 64 20   5a 7c be 86 7d 
< 0x007a0: 65 62 20 30  33 20 20 7c  2e 2e 2e 2e  2e 2e 61 2e  eb 03  |......a.
< 0x007b0: 26 5a 7c 2e  2e 7d 2e 2e  7c 0d 0a 30  30 30 30 30  &Z|..}..|..00000
< 0x007c0: 31 37 30 20  20 62 65 20  39 35 20 37  64 20 65 38  170  be 95 7d e8
< 0x007d0: 20 33 34 20  30 30 20 62  65 20 39 61  20 20 37 64   34 00 be 9a  7d
< 0x007e0: 20 65 38 20  32 65 20 30  30 20                      e8 2e 00 

< 0x00000: 63 64 20 31  38 20 65 62  20 66 65 20  20 7c 2e 2e  cd 18 eb fe  |..
< 0x00010: 7d 2e 34 2e  2e 2e 7d 2e  2e 2e 2e 2e  2e 2e 7c 0d  }.4...}.......|.
< 0x00020: 0a 30 30 30  30 30 31 38  30 20 20 34  37 20 35 32  .00000180  47 52
< 0x00030: 20 35 35 20  34 32 20 32  30 20 30 30  20 34 37 20   55 42 20 00 47 
< 0x00040: 36 35 20 20  36 66 20 36  64 20 30 30  20 34 38 20  65  6f 6d 00 48 
< 0x00050: 36 31 20 37  32 20 36 34  20 32 30 20  20 7c 47 52  61 72 64 20  |GR
< 0x00060: 55 42 20 2e  47 65 6f 6d  2e 48 61 72  64 20 7c 0d  UB .Geom.Hard |.
< 0x00070: 0a 30 30 30  30 30 31 39  30 20 20 34  34 20 36 39  .00000190  44 69
< 0x00080: 20 37 33 20  36 62 20 30  30 20 35 32  20 36 35 20   73 6b 00 52 65 
< 0x00090: 36 31 20 20  36 34 20 30  30 20 32 30  20 34 35 20  61  64 00 20 45 
< 0x000a0: 37 32 20 37  32 20 36 66  20 37 32 20  20 7c 44 69  72 72 6f 72  |Di
< 0x000b0: 73 6b 2e 52  65 61 64 2e  20 45 72 72  6f 72 7c 0d  sk.Read. Error|.
< 0x000c0: 0a 30 30 30  30 30 31 61  30 20 20 30  64 20 30 61  .000001a0  0d 0a
< 0x000d0: 20 30 30 20  62 62 20 30  31 20 30 30  20 62 34 20   00 bb 01 00 b4 
< 0x000e0: 30 65 20 20  63 64 20 31  30 20 61 63  20 33 63 20  0e  cd 10 ac 3c 
< 0x000f0: 30 30 20 37  35 20 66 34  20 63 33 20  20 7c 2e 2e  00 75 f4 c3  |..
< 0x00100: 2e 2e 2e 2e  2e 2e 2e 2e  2e 3c 2e 75  2e 2e 7c 0d  .........<.u..|.
< 0x00110: 0a 30 30 30  30 30 31 62  30 20 20 30  30 20 30 30  .000001b0  00 00
< 0x00120: 20 30 30 20  30 30 20 30  30 20 30 30  20 30 30 20   00 00 00 00 00 
< 0x00130: 30 30 20 20  31 33 20 34  64 20 30 63  20 30 30 20  00  13 4d 0c 00 
< 0x00140: 30 30 20 30  30 20 38 30  20 66 65 20  20 7c 2e 2e  00 00 80 fe  |..
< 0x00150: 2e 2e 2e 2e  2e 2e 2e 4d  2e 2e 2e 2e  2e 2e 7c 0d  .......M......|.
< 0x00160: 0a 30 30 30  30 30 31 63  30 20 20 66  66 20 66 66  .000001c0  ff ff
< 0x00170: 20 30 35 20  66 65 20 66  66 20 66 66  20 66 65 20   05 fe ff ff fe 
< 0x00180: 65 66 20 20  61 34 20 65  38 20 30 32  20 39 38 20  ef  a4 e8 02 98 
< 0x00190: 33 62 20 30  30 20 30 30  20 32 30 20  20 7c 2e 2e  3b 00 00 20  |..
< 0x001a0: 2e 2e 2e 2e  2e 2e 2e 2e  2e 2e 3b 2e  2e 20 7c 0d  ..........;.. |.
< 0x001b0: 0a 30 30 30  30 30 31 64  30 20 20 32  31 20 30 30  .000001d0  21 00
< 0x001c0: 20 66 64 20  33 35 20 33  37 20 33 65  20 30 30 20   fd 35 37 3e 00 
< 0x001d0: 30 38 20 20  30 30 20 30  30 20 30 30  20 33 38 20  08  00 00 00 38 
< 0x001e0: 30 66 20 30  30 20 30 30  20 33 35 20  20 7c 21 2e  0f 00 00 35  |!.
< 0x001f0: 2e 35 37 3e  2e 2e 2e 2e  2e 38 2e 2e  2e 35 7c 0d  .57>.....8...5|.
< 0x00200: 0a 30 30 30  30 30 31 65  30 20 20 33  38 20 33 65  .000001e0  38 3e
< 0x00210: 20 66 64 20  66 65 20 66  66 20 66 66  20 30 30 20   fd fe ff ff 00 
< 0x00220: 34 30 20 20  30 66 20 30  30 20 30 30  20 61 38 20  40  0f 00 00 a8 
< 0x00230: 39 35 20 65  38 20 30 30  20 30 30 20  20 7c 38 3e  95 e8 00 00  |8>
< 0x00240: 2e 2e 2e 2e  2e 40 2e 2e  2e 2e 2e 2e  2e 2e 7c 0d  .....@........|.
< 0x00250: 0a 30 30 30  30 30 31 66  30 20 20 30  30 20 30 30  .000001f0  00 00
< 0x00260: 20 30 30 20  30 30 20 30  30 20 30 30  20 30 30 20   00 00 00 00 00 
< 0x00270: 30 30 20 20  30 30 20 30  30 20 30 30  20 30 30 20  00  00 00 00 00 
< 0x00280: 30 30 20 30  30 20 35 35  20 61 61 20  20 7c 2e 2e  00 00 55 aa  |..
< 0x00290: 2e 2e 2e 2e  2e 2e 2e 2e  2e 2e 2e 2e  55 2e 7c 0d  ............U.|.
< 0x002a0: 0a 30 30 30  30 30 32 30  30 0d 0a 7e  20 23 20     .00000200..~ # 

> 0x00000: 64 64 20 69  66 3d 2f 64  65 76 2f 73  64 61 20 62  dd if=/dev/sda b
> 0x00010: 73 3d 35 31  32 20 73 6b  69 70 3d 35  31 32 20 63  s=512 skip=512 c
> 0x00020: 6f 75 6e 74  3d 31 20 7c  20 68 65 78  64 75 6d 70  ount=1 | hexdump
> 0x00030: 20 2d 76 20  2d 43 0d 0a                             -v -C..

< 0x00000: 64 64 20 69  66 3d 2f 64  65 76 2f 73  64 61 20 62  dd if=/dev/sda b
< 0x00010: 73 3d 35 31  32 20 73 6b  69 70 3d 35  31 32 20 63  s=512 skip=512 c
< 0x00020: 6f 75 6e 74  3d 31 20 7c  20 68 65 78  64 75 6d 70  ount=1 | hexdump
< 0x00030: 20 2d 76 20  2d 43 0d 0a  31 2b 30 20  72 65 63 6f   -v -C..1+0 reco
< 0x00040: 72 64 73 20  69 6e 0d 0a  31 2b 30 20  72 65 63 6f  rds in..1+0 reco
< 0x00050: 72 64 73 20  6f 75 74 0d  0a 35 31 32  20 62 79 74  rds out..512 byt
< 0x00060: 65 73 20 28  35 31 32 42  29 20 63 6f  70 69 65 64  es (512B) copied
< 0x00070: 2c 20 30 2e  30 30 30 31  31 34 20 73  65 63 6f 6e  . 0.000114 secon
< 0x00080: 64 73 2c 20  34 2e 33 4d  42 2f 73 0d  0a 30 30 30  ds. 4.3MB/s..000
< 0x00090: 30 30 30 30  30 20 20 30  30 20 30 30  20 30 30 20  00000  00 00 00 
< 0x000a0: 30 30 20 30  30 20 30 30  20 30 30 20  30 30 20 20  00 00 00 00 00  
< 0x000b0: 30 30 20 30  30 20 30 30  20 30 30 20  30 30 20 30  00 00 00 00 00 0
< 0x000c0: 30 20 30 30  20 30 30 20  20 7c 2e 2e  2e 2e 2e 2e  0 00 00  |......
< 0x000d0: 2e 2e 2e 2e  2e 2e 2e 2e  2e 2e 7c 0d  0a 30 30 30  ..........|..000
< 0x000e0: 30 30 30 31  30 20 20 30  30 20 30 30  20 30 30 20  00010  00 00 00 
< 0x000f0: 30 30 20 30  30 20 30 30  20 30 30 20  30 30 20 20  00 00 00 00 00  
< 0x00100: 30 30 20 30  30 20 30 30  20 30 30 20  30 30 20 30  00 00 00 00 00 0
< 0x00110: 30 20 30 30  20 30 30 20  20 7c 2e 2e  2e 2e 2e 2e  0 00 00  |......
< 0x00120: 2e 2e 2e 2e  2e 2e 2e 2e  2e 2e 7c 0d  0a 30 30 30  ..........|..000
< 0x00130: 30 30 30 32  30 20 20 30  30 20 30 30  20 30 30 20  00020  00 00 00 
< 0x00140: 30 30 20 30  30 20 30 30  20 30 30 20  30 30 20 20  00 00 00 00 00  
< 0x00150: 30 30 20 30  30 20 30 30  20 30 30 20  30 30 20 30  00 00 00 00 00 0
< 0x00160: 30 20 30 30  20 30 30 20  20 7c 2e 2e  2e 2e 2e 2e  0 00 00  |......
< 0x00170: 2e 2e 2e 2e  2e 2e 2e 2e  2e 2e 7c 0d  0a 30 30 30  ..........|..000
< 0x00180: 30 30 30 33  30 20 20 30  30 20 30 30  20 30 30 20  00030  00 00 00 
< 0x00190: 30 30 20 30  30 20 30 30  20 30 30 20  30 30 20 20  00 00 00 00 00  
< 0x001a0: 30 30 20 30  30 20 30 30  20 30 30 20  30 30 20 30  00 00 00 00 00 0
< 0x001b0: 30 20 30 30  20 30 30 20  20 7c 2e 2e  2e 2e 2e 2e  0 00 00  |......
< 0x001c0: 2e 2e 2e 2e  2e 2e 2e 2e  2e 2e 7c 0d  0a 30 30 30  ..........|..000
< 0x001d0: 30 30 30 34  30 20 20 30  30 20 30 30  20 30 30 20  00040  00 00 00 
< 0x001e0: 30 30 20 30  30 20 30 30  20 30 30 20  30 30 20 20  00 00 00 00 00  
< 0x001f0: 30 30 20 30  30 20 30 30  20 30 30 20  30 30 20 30  00 00 00 00 00 0
< 0x00200: 30 20 30 30  20 30 30 20  20 7c 2e 2e  2e 2e 2e 2e  0 00 00  |......
< 0x00210: 2e 2e 2e 2e  2e 2e 2e 2e  2e 2e 7c 0d  0a 30 30 30  ..........|..000
< 0x00220: 30 30 30 35  30 20 20 30  30 20 30 30  20 30 30 20  00050  00 00 00 
< 0x00230: 30 30 20 30  30 20 30 30  20 30 30 20  30 30 20 20  00 00 00 00 00  
< 0x00240: 30 30 20 30  30 20 30 30  20 30 30 20  30 30 20 30  00 00 00 00 00 0
< 0x00250: 30 20 30 30  20 30 30 20  20 7c 2e 2e  2e 2e 2e 2e  0 00 00  |......
< 0x00260: 2e 2e 2e 2e  2e 2e 2e 2e  2e 2e 7c 0d  0a 30 30 30  ..........|..000
< 0x00270: 30 30 30 36  30 20 20 30  30 20 30 30  20 30 30 20  00060  00 00 00 
< 0x00280: 30 30 20 30  30 20 30 30  20 30 30 20  30 30 20 20  00 00 00 00 00  
< 0x00290: 30 30 20 30  30 20 30 30  20 30 30 20  30 30 20 30  00 00 00 00 00 0
< 0x002a0: 30 20 30 30  20 30 30 20  20 7c 2e 2e  2e 2e 2e 2e  0 00 00  |......
< 0x002b0: 2e 2e 2e 2e  2e 2e 2e 2e  2e 2e 7c 0d  0a 30 30 30  ..........|..000
< 0x002c0: 30 30 30 37  30 20 20 30  30 20 30 30  20 30 30 20  00070  00 00 00 
< 0x002d0: 30 30 20 30  30 20 30 30  20 30 30 20  30 30 20 20  00 00 00 00 00  
< 0x002e0: 30 30 20 30  30 20 30 30  20 30 30 20  30 30 20 30  00 00 00 00 00 0
< 0x002f0: 30 20 30 30  20 30 30 20  20 7c 2e 2e  2e 2e 2e 2e  0 00 00  |......
< 0x00300: 2e 2e 2e 2e  2e 2e 2e 2e  2e 2e 7c 0d  0a 30 30 30  ..........|..000
< 0x00310: 30 30 30 38  30 20 20 30  30 20 30 30  20 30 30 20  00080  00 00 00 
< 0x00320: 30 30 20 30  30 20 30 30  20 30 30 20  30 30 20 20  00 00 00 00 00  
< 0x00330: 30 30 20 30  30 20 30 30  20 30 30 20  30 30 20 30  00 00 00 00 00 0
< 0x00340: 30 20 30 30  20 30 30 20  20 7c 2e 2e  2e 2e 2e 2e  0 00 00  |......
< 0x00350: 2e 2e 2e 2e  2e 2e 2e 2e  2e 2e 7c 0d  0a 30 30 30  ..........|..000
< 0x00360: 30 30 30 39  30 20 20 30  30 20 30 30  20 30 30 20  00090  00 00 00 
< 0x00370: 30 30 20 30  30 20 30 30  20 30 30 20  30 30 20 20  00 00 00 00 00  
< 0x00380: 30 30 20 30  30 20 30 30  20 30 30 20  30 30 20 30  00 00 00 00 00 0
< 0x00390: 30 20 30 30  20 30 30 20  20 7c 2e 2e  2e 2e 2e 2e  0 00 00  |......
< 0x003a0: 2e 2e 2e 2e  2e 2e 2e 2e  2e 2e 7c 0d  0a 30 30 30  ..........|..000
< 0x003b0: 30 30 30 61  30 20 20 30  30 20 30 30  20 30 30 20  000a0  00 00 00 
< 0x003c0: 30 30 20 30  30 20 30 30  20 30 30 20  30 30 20 20  00 00 00 00 00  
< 0x003d0: 30 30 20 30  30 20 30 30  20 30 30 20  30 30 20 30  00 00 00 00 00 0
< 0x003e0: 30 20 30 30  20 30 30 20  20 7c 2e 2e  2e 2e 2e 2e  0 00 00  |......
< 0x003f0: 2e 2e 2e 2e  2e 2e 2e 2e  2e 2e 7c 0d  0a 30 30 30  ..........|..000
< 0x00400: 30 30 30 62  30 20 20 30  30 20 30 30  20 30 30 20  000b0  00 00 00 
< 0x00410: 30 30 20 30  30 20 30 30  20 30 30 20  30 30 20 20  00 00 00 00 00  
< 0x00420: 30 30 20 30  30 20 30 30  20 30 30 20  30 30 20 30  00 00 00 00 00 0
< 0x00430: 30 20 30 30  20 30 30 20  20 7c 2e 2e  2e 2e 2e 2e  0 00 00  |......
< 0x00440: 2e 2e 2e 2e  2e 2e 2e 2e  2e 2e 7c 0d  0a 30 30 30  ..........|..000
< 0x00450: 30 30 30 63  30 20 20 30  30 20 30 30  20 30 30 20  000c0  00 00 00 
< 0x00460: 30 30 20 30  30 20 30 30  20 30 30 20  30 30 20 20  00 00 00 00 00  
< 0x00470: 30 30 20 30  30 20 30 30  20 30 30 20  30 30 20 30  00 00 00 00 00 0
< 0x00480: 30 20 30 30  20 30 30 20  20 7c 2e 2e  2e 2e 2e 2e  0 00 00  |......
< 0x00490: 2e 2e 2e 2e  2e 2e 2e 2e  2e 2e 7c 0d  0a 30 30 30  ..........|..000
< 0x004a0: 30 30 30 64  30 20 20 30  30 20 30 30  20 30 30 20  000d0  00 00 00 
< 0x004b0: 30 30 20 30  30 20 30 30  20 30 30 20  30 30 20 20  00 00 00 00 00  
< 0x004c0: 30 30 20 30  30 20 30 30  20 30 30 20  30 30 20 30  00 00 00 00 00 0
< 0x004d0: 30 20 30 30  20 30 30 20  20 7c 2e 2e  2e 2e 2e 2e  0 00 00  |......
< 0x004e0: 2e 2e 2e 2e  2e 2e 2e 2e  2e 2e 7c 0d  0a 30 30 30  ..........|..000
< 0x004f0: 30 30 30 65  30 20 20 30  30 20 30 30  20 30 30 20  000e0  00 00 00 
< 0x00500: 30 30 20 30  30 20 30 30  20 30 30 20  30 30 20 20  00 00 00 00 00  
< 0x00510: 30 30 20 30  30 20 30 30  20 30 30 20  30 30 20 30  00 00 00 00 00 0
< 0x00520: 30 20 30 30  20 30 30 20  20 7c 2e 2e  2e 2e 2e 2e  0 00 00  |......
< 0x00530: 2e 2e 2e 2e  2e 2e 2e 2e  2e 2e 7c 0d  0a 30 30 30  ..........|..000
< 0x00540: 30 30 30 66  30 20 20 30  30 20 30 30  20 30 30 20  000f0  00 00 00 
< 0x00550: 30 30 20 30  30 20 30 30  20 30 30 20  30 30 20 20  00 00 00 00 00  
< 0x00560: 30 30 20 30  30 20 30 30  20 30 30 20  30 30 20 30  00 00 00 00 00 0
< 0x00570: 30 20 30 30  20 30 30 20  20 7c 2e 2e  2e 2e 2e 2e  0 00 00  |......
< 0x00580: 2e 2e 2e 2e  2e 2e 2e 2e  2e 2e 7c 0d  0a 30 30 30  ..........|..000
< 0x00590: 30 30 31 30  30 20 20 30  30 20 30 30  20 30 30 20  00100  00 00 00 
< 0x005a0: 30 30 20 30  30 20 30 30  20 30 30 20  30 30 20 20  00 00 00 00 00  
< 0x005b0: 30 30 20 30  30 20 30 30  20 30 30 20  30 30 20 30  00 00 00 00 00 0
< 0x005c0: 30 20 30 30  20 30 30 20  20 7c 2e 2e  2e 2e 2e 2e  0 00 00  |......
< 0x005d0: 2e 2e 2e 2e  2e 2e 2e 2e  2e 2e 7c 0d  0a 30 30 30  ..........|..000
< 0x005e0: 30 30 31 31  30 20 20 30  30 20 30 30  20 30 30 20  00110  00 00 00 
< 0x005f0: 30 30 20 30  30 20 30 30  20 30 30 20  30 30 20 20  00 00 00 00 00  
< 0x00600: 30 30 20 30  30 20 30 30  20 30 30 20  30 30 20 30  00 00 00 00 00 0
< 0x00610: 30 20 30 30  20 30 30 20  20 7c 2e 2e  2e 2e 2e 2e  0 00 00  |......
< 0x00620: 2e 2e 2e 2e  2e 2e 2e 2e  2e 2e 7c 0d  0a 30 30 30  ..........|..000
< 0x00630: 30 30 31 32  30 20 20 30  30 20 30 30  20 30 30 20  00120  00 00 00 
< 0x00640: 30 30 20 30  30 20 30 30  20 30 30 20  30 30 20 20  00 00 00 00 00  
< 0x00650: 30 30 20 30  30 20 30 30  20 30 30 20  30 30 20 30  00 00 00 00 00 0
< 0x00660: 30 20 30 30  20 30 30 20  20 7c 2e 2e  2e 2e 2e 2e  0 00 00  |......
< 0x00670: 2e 2e 2e 2e  2e 2e 2e 2e  2e 2e 7c 0d  0a 30 30 30  ..........|..000
< 0x00680: 30 30 31 33  30 20 20 30  30 20 30 30  20 30 30 20  00130  00 00 00 
< 0x00690: 30 30 20 30  30 20 30 30  20 30 30 20  30 30 20 20  00 00 00 00 00  
< 0x006a0: 30 30 20 30  30 20 30 30  20 30 30 20  30 30 20 30  00 00 00 00 00 0
< 0x006b0: 30 20 30 30  20 30 30 20  20 7c 2e 2e  2e 2e 2e 2e  0 00 00  |......
< 0x006c0: 2e 2e 2e 2e  2e 2e 2e 2e  2e 2e 7c 0d  0a 30 30 30  ..........|..000
< 0x006d0: 30 30 31 34  30 20 20 30  30 20 30 30  20 30 30 20  00140  00 00 00 
< 0x006e0: 30 30 20 30  30 20 30 30  20 30 30 20  30 30 20 20  00 00 00 00 00  
< 0x006f0: 30 30 20 30  30 20 30 30  20 30 30 20  30 30 20 30  00 00 00 00 00 0
< 0x00700: 30 20 30 30  20 30 30 20  20 7c 2e 2e  2e 2e 2e 2e  0 00 00  |......
< 0x00710: 2e 2e 2e 2e  2e 2e 2e 2e  2e 2e 7c 0d  0a 30 30 30  ..........|..000
< 0x00720: 30 30 31 35  30 20 20 30  30 20 30 30  20 30 30 20  00150  00 00 00 
< 0x00730: 30 30 20 30  30 20 30 30  20 30 30 20  30 30 20 20  00 00 00 00 00  
< 0x00740: 30 30 20 30  30 20 30 30  20 30 30 20  30 30 20 30  00 00 00 00 00 0
< 0x00750: 30 20 30 30  20 30 30 20  20 7c 2e 2e  2e 2e 2e 2e  0 00 00  |......
< 0x00760: 2e 2e 2e 2e  2e 2e 2e 2e  2e 2e 7c 0d  0a 30 30 30  ..........|..000
< 0x00770: 30 30 31 36  30 20 20 30  30 20 30 30  20 30 30 20  00160  00 00 00 
< 0x00780: 30 30 20 30  30 20 30 30  20 30 30 20  30 30 20 20  00 00 00 00 00  
< 0x00790: 30 30 20 30  30 20 30 30  20 30 30 20  30 30 20 30  00 00 00 00 00 0
< 0x007a0: 30 20 30 30  20 30 30 20  20 7c 2e 2e  2e 2e 2e 2e  0 00 00  |......
< 0x007b0: 2e 2e 2e 2e  2e 2e 2e 2e  2e 2e 7c 0d  0a 30 30 30  ..........|..000
< 0x007c0: 30 30 31 37  30 20 20 30  30 20 30 30  20 30 30 20  00170  00 00 00 
< 0x007d0: 30 30 20 30  30 20 30 30  20 30 30 20  30 30 20 20  00 00 00 00 00  
< 0x007e0: 30 30 20 30  30 20 30 30  20 30                     00 00 00 0

< 0x00000: 30 20 30 30  20 30 30 20  30 30 20 30  30 20 20 7c  0 00 00 00 00  |
< 0x00010: 2e 2e 2e 2e  2e 2e 2e 2e  2e 2e 2e 2e  2e 2e 2e 2e  ................
< 0x00020: 7c 0d 0a 30  30 30 30 30  31 38 30 20  20 30 30 20  |..00000180  00 
< 0x00030: 30 30 20 30  30 20 30 30  20 30 30 20  30 30 20 30  00 00 00 00 00 0
< 0x00040: 30 20 30 30  20 20 30 30  20 30 30 20  30 30 20 30  0 00  00 00 00 0
< 0x00050: 30 20 30 30  20 30 30 20  30 30 20 30  30 20 20 7c  0 00 00 00 00  |
< 0x00060: 2e 2e 2e 2e  2e 2e 2e 2e  2e 2e 2e 2e  2e 2e 2e 2e  ................
< 0x00070: 7c 0d 0a 30  30 30 30 30  31 39 30 20  20 30 30 20  |..00000190  00 
< 0x00080: 30 30 20 30  30 20 30 30  20 30 30 20  30 30 20 30  00 00 00 00 00 0
< 0x00090: 30 20 30 30  20 20 30 30  20 30 30 20  30 30 20 30  0 00  00 00 00 0
< 0x000a0: 30 20 30 30  20 30 30 20  30 30 20 30  30 20 20 7c  0 00 00 00 00  |
< 0x000b0: 2e 2e 2e 2e  2e 2e 2e 2e  2e 2e 2e 2e  2e 2e 2e 2e  ................
< 0x000c0: 7c 0d 0a 30  30 30 30 30  31 61 30 20  20 30 30 20  |..000001a0  00 
< 0x000d0: 30 30 20 30  30 20 30 30  20 30 30 20  30 30 20 30  00 00 00 00 00 0
< 0x000e0: 30 20 30 30  20 20 30 30  20 30 30 20  30 30 20 30  0 00  00 00 00 0
< 0x000f0: 30 20 30 30  20 30 30 20  30 30 20 30  30 20 20 7c  0 00 00 00 00  |
< 0x00100: 2e 2e 2e 2e  2e 2e 2e 2e  2e 2e 2e 2e  2e 2e 2e 2e  ................
< 0x00110: 7c 0d 0a 30  30 30 30 30  31 62 30 20  20 30 30 20  |..000001b0  00 
< 0x00120: 30 30 20 30  30 20 30 30  20 30 30 20  30 30 20 30  00 00 00 00 00 0
< 0x00130: 30 20 30 30  20 20 30 30  20 30 30 20  30 30 20 30  0 00  00 00 00 0
< 0x00140: 30 20 30 30  20 30 30 20  30 30 20 30  30 20 20 7c  0 00 00 00 00  |
< 0x00150: 2e 2e 2e 2e  2e 2e 2e 2e  2e 2e 2e 2e  2e 2e 2e 2e  ................
< 0x00160: 7c 0d 0a 30  30 30 30 30  31 63 30 20  20 30 30 20  |..000001c0  00 
< 0x00170: 30 30 20 30  30 20 30 30  20 30 30 20  30 30 20 30  00 00 00 00 00 0
< 0x00180: 30 20 30 30  20 20 30 30  20 30 30 20  30 30 20 30  0 00  00 00 00 0
< 0x00190: 30 20 30 30  20 30 30 20  30 30 20 30  30 20 20 7c  0 00 00 00 00  |
< 0x001a0: 2e 2e 2e 2e  2e 2e 2e 2e  2e 2e 2e 2e  2e 2e 2e 2e  ................
< 0x001b0: 7c 0d 0a 30  30 30 30 30  31 64 30 20  20 30 30 20  |..000001d0  00 
< 0x001c0: 30 30 20 30  30 20 30 30  20 30 30 20  30 30 20 30  00 00 00 00 00 0
< 0x001d0: 30 20 30 30  20 20 30 30  20 30 30 20  30 30 20 30  0 00  00 00 00 0
< 0x001e0: 30 20 30 30  20 30 30 20  30 30 20 30  30 20 20 7c  0 00 00 00 00  |
< 0x001f0: 2e 2e 2e 2e  2e 2e 2e 2e  2e 2e 2e 2e  2e 2e 2e 2e  ................
< 0x00200: 7c 0d 0a 30  30 30 30 30  31 65 30 20  20 30 30 20  |..000001e0  00 
< 0x00210: 30 30 20 30  30 20 30 30  20 30 30 20  30 30 20 30  00 00 00 00 00 0
< 0x00220: 30 20 30 30  20 20 30 30  20 30 30 20  30 30 20 30  0 00  00 00 00 0
< 0x00230: 30 20 30 30  20 30 30 20  30 30 20 30  30 20 20 7c  0 00 00 00 00  |
< 0x00240: 2e 2e 2e 2e  2e 2e 2e 2e  2e 2e 2e 2e  2e 2e 2e 2e  ................
< 0x00250: 7c 0d 0a 30  30 30 30 30  31 66 30 20  20 30 30 20  |..000001f0  00 
< 0x00260: 30 30 20 30  30 20 30 30  20 30 30 20  30 30 20 30  00 00 00 00 00 0
< 0x00270: 30 20 30 30  20 20 30 30  20 30 30 20  30 30 20 30  0 00  00 00 00 0
< 0x00280: 30 20 30 30  20 30 30 20  30 30 20 30  30 20 20 7c  0 00 00 00 00  |
< 0x00290: 2e 2e 2e 2e  2e 2e 2e 2e  2e 2e 2e 2e  2e 2e 2e 2e  ................
< 0x002a0: 7c 0d 0a 30  30 30 30 30  32 30 30 0d  0a 7e 20 23  |..00000200..~ #
< 0x002b0: 20                                                   

> 0x00000: 64 64 20 69  66 3d 2f 64  65 76 2f 73  64 61 20 62  dd if=/dev/sda b
> 0x00010: 73 3d 35 31  32 20 73 6b  69 70 3d 31  30 32 34 20  s=512 skip=1024 
> 0x00020: 63 6f 75 6e  74 3d 31 20  7c 20 68 65  78 64 75 6d  count=1 | hexdum
> 0x00030: 70 20 2d 76  20 2d 43 0d  0a                        p -v -C..

< 0x00000: 64 64 20 69  66 3d 2f 64  65 76 2f 73  64 61 20 62  dd if=/dev/sda b
< 0x00010: 73 3d 35 31  32 20 73 6b  69 70 3d 31  30 32 34 20  s=512 skip=1024 
< 0x00020: 63 6f 75 6e  74 3d 31 20  7c 20 68 65  78 64 75 6d  count=1 | hexdum
< 0x00030: 70 20 2d 76  20 2d 43 0d  0a 31 2b 30  20 72 65 63  p -v -C..1+0 rec
< 0x00040: 6f 72 64 73  20 69 6e 0d  0a 31 2b 30  20 72 65 63  ords in..1+0 rec
< 0x00050: 6f 72 64 73  20 6f 75 74  0d 0a 35 31  32 20 62 79  ords out..512 by
< 0x00060: 74 65 73 20  28 35 31 32  42 29 20 63  6f 70 69 65  tes (512B) copie
< 0x00070: 64 2c 20 30  2e 30 30 30  31 31 35 20  73 65 63 6f  d. 0.000115 seco
< 0x00080: 6e 64 73 2c  20 34 2e 32  4d 42 2f 73  0d 0a 30 30  nds. 4.2MB/s..00
< 0x00090: 30 30 30 30  30 30 20 20  30 30 20 30  30 20 30 30  000000  00 00 00
< 0x000a0: 20 30 30 20  30 30 20 30  30 20 30 30  20 30 30 20   00 00 00 00 00 
< 0x000b0: 20 30 30 20  30 30 20 30  30 20 30 30  20 30 30 20   00 00 00 00 00 
< 0x000c0: 30 30 20 30  30 20 30 30  20 20 7c 2e  2e 2e 2e 2e  00 00 00  |.....
< 0x000d0: 2e 2e 2e 2e  2e 2e 2e 2e  2e 2e 2e 7c  0d 0a 30 30  ...........|..00
< 0x000e0: 30 30 30 30  31 30 20 20  30 30 20 30  30 20 30 30  000010  00 00 00
< 0x000f0: 20 30 30 20  30 30 20 30  30 20 30 30  20 30 30 20   00 00 00 00 00 
< 0x00100: 20 30 30 20  30 30 20 30  30 20 30 30  20 30 30 20   00 00 00 00 00 
< 0x00110: 30 30 20 30  30 20 30 30  20 20 7c 2e  2e 2e 2e 2e  00 00 00  |.....
< 0x00120: 2e 2e 2e 2e  2e 2e 2e 2e  2e 2e 2e 7c  0d 0a 30 30  ...........|..00
< 0x00130: 30 30 30 30  32 30 20 20  30 30 20 30  30 20 30 30  000020  00 00 00
< 0x00140: 20 30 30 20  30 30 20 30  30 20 30 30  20 30 30 20   00 00 00 00 00 
< 0x00150: 20 30 30 20  30 30 20 30  30 20 30 30  20 30 30 20   00 00 00 00 00 
< 0x00160: 30 30 20 30  30 20 30 30  20 20 7c 2e  2e 2e 2e 2e  00 00 00  |.....
< 0x00170: 2e 2e 2e 2e  2e 2e 2e 2e  2e 2e 2e 7c  0d 0a 30 30  ...........|..00
< 0x00180: 30 30 30 30  33 30 20 20  30 30 20 30  30 20 30 30  000030  00 00 00
< 0x00190: 20 30 30 20  30 30 20 30  30 20 30 30  20 30 30 20   00 00 00 00 00 
< 0x001a0: 20 30 30 20  30 30 20 30  30 20 30 30  20 30 30 20   00 00 00 00 00 
< 0x001b0: 30 30 20 30  30 20 30 30  20 20 7c 2e  2e 2e 2e 2e  00 00 00  |.....
< 0x001c0: 2e 2e 2e 2e  2e 2e 2e 2e  2e 2e 2e 7c  0d 0a 30 30  ...........|..00
< 0x001d0: 30 30 30 30  34 30 20 20  30 30 20 30  30 20 30 30  000040  00 00 00
< 0x001e0: 20 30 30 20  30 30 20 30  30 20 30 30  20 30 30 20   00 00 00 00 00 
< 0x001f0: 20 30 30 20  30 30 20 30  30 20 30 30  20 30 30 20   00 00 00 00 00 
< 0x00200: 30 30 20 30  30 20 30 30  20 20 7c 2e  2e 2e 2e 2e  00 00 00  |.....
< 0x00210: 2e 2e 2e 2e  2e 2e 2e 2e  2e 2e 2e 7c  0d 0a 30 30  ...........|..00
< 0x00220: 30 30 30 30  35 30 20 20  30 30 20 30  30 20 30 30  000050  00 00 00
< 0x00230: 20 30 30 20  30 30 20 30  30 20 30 30  20 30 30 20   00 00 00 00 00 
< 0x00240: 20 30 30 20  30 30 20 30  30 20 30 30  20 30 30 20   00 00 00 00 00 
< 0x00250: 30 30 20 30  30 20 30 30  20 20 7c 2e  2e 2e 2e 2e  00 00 00  |.....
< 0x00260: 2e 2e 2e 2e  2e 2e 2e 2e  2e 2e 2e 7c  0d 0a 30 30  ...........|..00
< 0x00270: 30 30 30 30  36 30 20 20  30 30 20 30  30 20 30 30  000060  00 00 00
< 0x00280: 20 30 30 20  30 30 20 30  30 20 30 30  20 30 30 20   00 00 00 00 00 
< 0x00290: 20 30 30 20  30 30 20 30  30 20 30 30  20 30 30 20   00 00 00 00 00 
< 0x002a0: 30 30 20 30  30 20 30 30  20 20 7c 2e  2e 2e 2e 2e  00 00 00  |.....
< 0x002b0: 2e 2e 2e 2e  2e 2e 2e 2e  2e 2e 2e 7c  0d 0a 30 30  ...........|..00
< 0x002c0: 30 30 30 30  37 30 20 20  30 30 20 30  30 20 30 30  000070  00 00 00
< 0x002d0: 20 30 30 20  30 30 20 30  30 20 30 30  20 30 30 20   00 00 00 00 00 
< 0x002e0: 20 30 30 20  30 30 20 30  30 20 30 30  20 30 30 20   00 00 00 00 00 
< 0x002f0: 30 30 20 30  30 20 30 30  20 20 7c 2e  2e 2e 2e 2e  00 00 00  |.....
< 0x00300: 2e 2e 2e 2e  2e 2e 2e 2e  2e 2e 2e 7c  0d 0a 30 30  ...........|..00
< 0x00310: 30 30 30 30  38 30 20 20  30 30 20 30  30 20 30 30  000080  00 00 00
< 0x00320: 20 30 30 20  30 30 20 30  30 20 30 30  20 30 30 20   00 00 00 00 00 
< 0x00330: 20 30 30 20  30 30 20 30  30 20 30 30  20 30 30 20   00 00 00 00 00 
< 0x00340: 30 30 20 30  30 20 30 30  20 20 7c 2e  2e 2e 2e 2e  00 00 00  |.....
< 0x00350: 2e 2e 2e 2e  2e 2e 2e 2e  2e 2e 2e 7c  0d 0a 30 30  ...........|..00
< 0x00360: 30 30 30 30  39 30 20 20  30 30 20 30  30 20 30 30  000090  00 00 00
< 0x00370: 20 30 30 20  30 30 20 30  30 20 30 30  20 30 30 20   00 00 00 00 00 
< 0x00380: 20 30 30 20  30 30 20 30  30 20 30 30  20 30 30 20   00 00 00 00 00 
< 0x00390: 30 30 20 30  30 20 30 30  20 20 7c 2e  2e 2e 2e 2e  00 00 00  |.....
< 0x003a0: 2e 2e 2e 2e  2e 2e 2e 2e  2e 2e 2e 7c  0d 0a 30 30  ...........|..00
< 0x003b0: 30 30 30 30  61 30 20 20  30 30 20 30  30 20 30 30  0000a0  00 00 00
< 0x003c0: 20 30 30 20  30 30 20 30  30 20 30 30  20 30 30 20   00 00 00 00 00 
< 0x003d0: 20 30 30 20  30 30 20 30  30 20 30 30  20 30 30 20   00 00 00 00 00 
< 0x003e0: 30 30 20 30  30 20 30 30  20 20 7c 2e  2e 2e 2e 2e  00 00 00  |.....
< 0x003f0: 2e 2e 2e 2e  2e 2e 2e 2e  2e 2e 2e 7c  0d 0a 30 30  ...........|..00
< 0x00400: 30 30 30 30  62 30 20 20  30 30 20 30  30 20 30 30  0000b0  00 00 00
< 0x00410: 20 30 30 20  30 30 20 30  30 20 30 30  20 30 30 20   00 00 00 00 00 
< 0x00420: 20 30 30 20  30 30 20 30  30 20 30 30  20 30 30 20   00 00 00 00 00 
< 0x00430: 30 30 20 30  30 20 30 30  20 20 7c 2e  2e 2e 2e 2e  00 00 00  |.....
< 0x00440: 2e 2e 2e 2e  2e 2e 2e 2e  2e 2e 2e 7c  0d 0a 30 30  ...........|..00
< 0x00450: 30 30 30 30  63 30 20 20  30 30 20 30  30 20 30 30  0000c0  00 00 00
< 0x00460: 20 30 30 20  30 30 20 30  30 20 30 30  20 30 30 20   00 00 00 00 00 
< 0x00470: 20 30 30 20  30 30 20 30  30 20 30 30  20 30 30 20   00 00 00 00 00 
< 0x00480: 30 30 20 30  30 20 30 30  20 20 7c 2e  2e 2e 2e 2e  00 00 00  |.....
< 0x00490: 2e 2e 2e 2e  2e 2e 2e 2e  2e 2e 2e 7c  0d 0a 30 30  ...........|..00
< 0x004a0: 30 30 30 30  64 30 20 20  30 30 20 30  30 20 30 30  0000d0  00 00 00
< 0x004b0: 20 30 30 20  30 30 20 30  30 20 30 30  20 30 30 20   00 00 00 00 00 
< 0x004c0: 20 30 30 20  30 30 20 30  30 20 30 30  20 30 30 20   00 00 00 00 00 
< 0x004d0: 30 30 20 30  30 20 30 30  20 20 7c 2e  2e 2e 2e 2e  00 00 00  |.....
< 0x004e0: 2e 2e 2e 2e  2e 2e 2e 2e  2e 2e 2e 7c  0d 0a 30 30  ...........|..00
< 0x004f0: 30 30 30 30  65 30 20 20  30 30 20 30  30 20 30 30  0000e0  00 00 00
< 0x00500: 20 30 30 20  30 30 20 30  30 20 30 30  20 30 30 20   00 00 00 00 00 
< 0x00510: 20 30 30 20  30 30 20 30  30 20 30 30  20 30 30 20   00 00 00 00 00 
< 0x00520: 30 30 20 30  30 20 30 30  20 20 7c 2e  2e 2e 2e 2e  00 00 00  |.....
< 0x00530: 2e 2e 2e 2e  2e 2e 2e 2e  2e 2e 2e 7c  0d 0a 30 30  ...........|..00
< 0x00540: 30 30 30 30  66 30 20 20  30 30 20 30  30 20 30 30  0000f0  00 00 00
< 0x00550: 20 30 30 20  30 30 20 30  30 20 30 30  20 30 30 20   00 00 00 00 00 
< 0x00560: 20 30 30 20  30 30 20 30  30 20 30 30  20 30 30 20   00 00 00 00 00 
< 0x00570: 30 30 20 30  30 20 30 30  20 20 7c 2e  2e 2e 2e 2e  00 00 00  |.....
< 0x00580: 2e 2e 2e 2e  2e 2e 2e 2e  2e 2e 2e 7c  0d 0a 30 30  ...........|..00
< 0x00590: 30 30 30 31  30 30 20 20  30 30 20 30  30 20 30 30  000100  00 00 00
< 0x005a0: 20 30 30 20  30 30 20 30  30 20 30 30  20 30 30 20   00 00 00 00 00 
< 0x005b0: 20 30 30 20  30 30 20 30  30 20 30 30  20 30 30 20   00 00 00 00 00 
< 0x005c0: 30 30 20 30  30 20 30 30  20 20 7c 2e  2e 2e 2e 2e  00 00 00  |.....
< 0x005d0: 2e 2e 2e 2e  2e 2e 2e 2e  2e 2e 2e 7c  0d 0a 30 30  ...........|..00
< 0x005e0: 30 30 30 31  31 30 20 20  30 30 20 30  30 20 30 30  000110  00 00 00
< 0x005f0: 20 30 30 20  30 30 20 30  30 20 30 30  20 30 30 20   00 00 00 00 00 
< 0x00600: 20 30 30 20  30 30 20 30  30 20 30 30  20 30 30 20   00 00 00 00 00 
< 0x00610: 30 30 20 30  30 20 30 30  20 20 7c 2e  2e 2e 2e 2e  00 00 00  |.....
< 0x00620: 2e 2e 2e 2e  2e 2e 2e 2e  2e 2e 2e 7c  0d 0a 30 30  ...........|..00
< 0x00630: 30 30 30 31  32 30 20 20  30 30 20 30  30 20 30 30  000120  00 00 00
< 0x00640: 20 30 30 20  30 30 20 30  30 20 30 30  20 30 30 20   00 00 00 00 00 
< 0x00650: 20 30 30 20  30 30 20 30  30 20 30 30  20 30 30 20   00 00 00 00 00 
< 0x00660: 30 30 20 30  30 20 30 30  20 20 7c 2e  2e 2e 2e 2e  00 00 00  |.....
< 0x00670: 2e 2e 2e 2e  2e 2e 2e 2e  2e 2e 2e 7c  0d 0a 30 30  ...........|..00
< 0x00680: 30 30 30 31  33 30 20 20  30 30 20 30  30 20 30 30  000130  00 00 00
< 0x00690: 20 30 30 20  30 30 20 30  30 20 30 30  20 30 30 20   00 00 00 00 00 
< 0x006a0: 20 30 30 20  30 30 20 30  30 20 30 30  20 30 30 20   00 00 00 00 00 
< 0x006b0: 30 30 20 30  30 20 30 30  20 20 7c 2e  2e 2e 2e 2e  00 00 00  |.....
< 0x006c0: 2e 2e 2e 2e  2e 2e 2e 2e  2e 2e 2e 7c  0d 0a 30 30  ...........|..00
< 0x006d0: 30 30 30 31  34 30 20 20  30 30 20 30  30 20 30 30  000140  00 00 00
< 0x006e0: 20 30 30 20  30 30 20 30  30 20 30 30  20 30 30 20   00 00 00 00 00 
< 0x006f0: 20 30 30 20  30 30 20 30  30 20 30 30  20 30 30 20   00 00 00 00 00 
< 0x00700: 30 30 20 30  30 20 30 30  20 20 7c 2e  2e 2e 2e 2e  00 00 00  |.....
< 0x00710: 2e 2e 2e 2e  2e 2e 2e 2e  2e 2e 2e 7c  0d 0a 30 30  ...........|..00
< 0x00720: 30 30 30 31  35 30 20 20  30 30 20 30  30 20 30 30  000150  00 00 00
< 0x00730: 20 30 30 20  30 30 20 30  30 20 30 30  20 30 30 20   00 00 00 00 00 
< 0x00740: 20 30 30 20  30 30 20 30  30 20 30 30  20 30 30 20   00 00 00 00 00 
< 0x00750: 30 30 20 30  30 20 30 30  20 20 7c 2e  2e 2e 2e 2e  00 00 00  |.....
< 0x00760: 2e 2e 2e 2e  2e 2e 2e 2e  2e 2e 2e 7c  0d 0a 30 30  ...........|..00
< 0x00770: 30 30 30 31  36 30 20 20  30 30 20 30  30 20 30 30  000160  00 00 00
< 0x00780: 20 30 30 20  30 30 20 30  30 20 30 30  20 30 30 20   00 00 00 00 00 
< 0x00790: 20 30 30 20  30 30 20 30  30 20 30 30  20 30 30 20   00 00 00 00 00 
< 0x007a0: 30 30 20 30  30 20 30 30  20 20 7c 2e  2e 2e 2e 2e  00 00 00  |.....
< 0x007b0: 2e 2e 2e 2e  2e 2e 2e 2e  2e 2e 2e 7c  0d 0a 30 30  ...........|..00
< 0x007c0: 30 30 30 31  37 30 20 20  30 30 20 30  30 20 30 30  000170  00 00 00
< 0x007d0: 20 30 30 20  30 30 20 30  30 20 30 30  20 30 30 20   00 00 00 00 00 
< 0x007e0: 20 30 30 20  30 30 20 30  30 20                      00 00 00 

< 0x00000: 30 30 20 30  30 20 30 30  20 30 30 20  30 30 20 20  00 00 00 00 00  
< 0x00010: 7c 2e 2e 2e  2e 2e 2e 2e  2e 2e 2e 2e  2e 2e 2e 2e  |...............
< 0x00020: 2e 7c 0d 0a  30 30 30 30  30 31 38 30  20 20 30 30  .|..00000180  00
< 0x00030: 20 30 30 20  30 30 20 30  30 20 30 30  20 30 30 20   00 00 00 00 00 
< 0x00040: 30 30 20 30  30 20 20 30  30 20 30 30  20 30 30 20  00 00  00 00 00 
< 0x00050: 30 30 20 30  30 20 30 30  20 30 30 20  30 30 20 20  00 00 00 00 00  
< 0x00060: 7c 2e 2e 2e  2e 2e 2e 2e  2e 2e 2e 2e  2e 2e 2e 2e  |...............
< 0x00070: 2e 7c 0d 0a  30 30 30 30  30 31 39 30  20 20 30 30  .|..00000190  00
< 0x00080: 20 30 30 20  30 30 20 30  30 20 30 30  20 30 30 20   00 00 00 00 00 
< 0x00090: 30 30 20 30  30 20 20 30  30 20 30 30  20 30 30 20  00 00  00 00 00 
< 0x000a0: 30 30 20 30  30 20 30 30  20 30 30 20  30 30 20 20  00 00 00 00 00  
< 0x000b0: 7c 2e 2e 2e  2e 2e 2e 2e  2e 2e 2e 2e  2e 2e 2e 2e  |...............
< 0x000c0: 2e 7c 0d 0a  30 30 30 30  30 31 61 30  20 20 30 30  .|..000001a0  00
< 0x000d0: 20 30 30 20  30 30 20 30  30 20 30 30  20 30 30 20   00 00 00 00 00 
< 0x000e0: 30 30 20 30  30 20 20 30  30 20 30 30  20 30 30 20  00 00  00 00 00 
< 0x000f0: 30 30 20 30  30 20 30 30  20 30 30 20  30 30 20 20  00 00 00 00 00  
< 0x00100: 7c 2e 2e 2e  2e 2e 2e 2e  2e 2e 2e 2e  2e 2e 2e 2e  |...............
< 0x00110: 2e 7c 0d 0a  30 30 30 30  30 31 62 30  20 20 30 30  .|..000001b0  00
< 0x00120: 20 30 30 20  30 30 20 30  30 20 30 30  20 30 30 20   00 00 00 00 00 
< 0x00130: 30 30 20 30  30 20 20 30  30 20 30 30  20 30 30 20  00 00  00 00 00 
< 0x00140: 30 30 20 30  30 20 30 30  20 30 30 20  30 30 20 20  00 00 00 00 00  
< 0x00150: 7c 2e 2e 2e  2e 2e 2e 2e  2e 2e 2e 2e  2e 2e 2e 2e  |...............
< 0x00160: 2e 7c 0d 0a  30 30 30 30  30 31 63 30  20 20 30 30  .|..000001c0  00
< 0x00170: 20 30 30 20  30 30 20 30  30 20 30 30  20 30 30 20   00 00 00 00 00 
< 0x00180: 30 30 20 30  30 20 20 30  30 20 30 30  20 30 30 20  00 00  00 00 00 
< 0x00190: 30 30 20 30  30 20 30 30  20 30 30 20  30 30 20 20  00 00 00 00 00  
< 0x001a0: 7c 2e 2e 2e  2e 2e 2e 2e  2e 2e 2e 2e  2e 2e 2e 2e  |...............
< 0x001b0: 2e 7c 0d 0a  30 30 30 30  30 31 64 30  20 20 30 30  .|..000001d0  00
< 0x001c0: 20 30 30 20  30 30 20 30  30 20 30 30  20 30 30 20   00 00 00 00 00 
< 0x001d0: 30 30 20 30  30 20 20 30  30 20 30 30  20 30 30 20  00 00  00 00 00 
< 0x001e0: 30 30 20 30  30 20 30 30  20 30 30 20  30 30 20 20  00 00 00 00 00  
< 0x001f0: 7c 2e 2e 2e  2e 2e 2e 2e  2e 2e 2e 2e  2e 2e 2e 2e  |...............
< 0x00200: 2e 7c 0d 0a  30 30 30 30  30 31 65 30  20 20 30 30  .|..000001e0  00
< 0x00210: 20 30 30 20  30 30 20 30  30 20 30 30  20 30 30 20   00 00 00 00 00 
< 0x00220: 30 30 20 30  30 20 20 30  30 20 30 30  20 30 30 20  00 00  00 00 00 
< 0x00230: 30 30 20 30  30 20 30 30  20 30 30 20  30 30 20 20  00 00 00 00 00  
< 0x00240: 7c 2e 2e 2e  2e 2e 2e 2e  2e 2e 2e 2e  2e 2e 2e 2e  |...............
< 0x00250: 2e 7c 0d 0a  30 30 30 30  30 31 66 30  20 20 30 30  .|..000001f0  00
< 0x00260: 20 30 30 20  30 30 20 30  30 20 30 30  20 30 30 20   00 00 00 00 00 
< 0x00270: 30 30 20 30  30 20 20 30  30 20 30 30  20 30 30 20  00 00  00 00 00 
< 0x00280: 30 30 20 30  30 20 30 30  20 30 30 20  30 30 20 20  00 00 00 00 00  
< 0x00290: 7c 2e 2e 2e  2e 2e 2e 2e  2e 2e 2e 2e  2e 2e 2e 2e  |...............
< 0x002a0: 2e 7c 0d 0a  30 30 30 30  30 32 30 30  0d 0a 7e 20  .|..00000200..~ 
< 0x002b0: 23 20                                               # 

